<?xml version="1.0" encoding="UTF-8"?>
<!-- Generated by org.testng.reporters.JUnitReportReporter -->
<testsuite hostname="BLACKPANTHER" failures="0" tests="3" name="CucumberOptions.TestRunner" time="122.216" errors="0" timestamp="2025-04-04T18:09:54 IST" skipped="0">
  <testcase classname="CucumberOptions.TestRunner" name="runScenario" time="46.475"/>
  <testcase classname="CucumberOptions.TestRunner" name="runScenario" time="37.771"/>
  <testcase classname="CucumberOptions.TestRunner" name="runScenario" time="37.970"/>
</testsuite> <!-- CucumberOptions.TestRunner -->
