<?xml version="1.0" encoding="UTF-8"?>
<!-- Generated by org.testng.reporters.JUnitReportReporter -->
<testsuite hostname="BLACKPANTHER" failures="0" tests="6" name="Tests.DataValidation" time="9.843" errors="0" timestamp="2025-04-09T15:27:10 IST" skipped="0">
  <testcase classname="Tests.DataValidation" name="validate_country_name" time="1.928"/>
  <testcase classname="Tests.DataValidation" name="validate_country_name" time="2.325"/>
  <testcase classname="Tests.DataValidation" name="validate_country_name" time="2.584"/>
  <testcase classname="Tests.DataValidation" name="add_entries" time="1.316"/>
  <testcase classname="Tests.DataValidation" name="add_entries" time="0.928"/>
  <testcase classname="Tests.DataValidation" name="add_entries" time="0.762"/>
</testsuite> <!-- Tests.DataValidation -->
