<?xml version="1.0" encoding="UTF-8"?>
<!-- Generated by org.testng.reporters.JUnitReportReporter -->
<testsuite hostname="BLACKPANTHER" failures="0" tests="3" name="Tests.Regression" time="4.586" errors="0" timestamp="2025-04-09T15:27:10 IST" skipped="0">
  <testcase classname="Tests.Regression" name="validate_date" time="0.451"/>
  <testcase classname="Tests.Regression" name="alert_handling" time="1.993"/>
  <testcase classname="Tests.Regression" name="switch_window" time="2.142"/>
</testsuite> <!-- Tests.Regression -->
