<?xml version="1.0" encoding="UTF-8"?>
<!-- Generated by org.testng.reporters.JUnitReportReporter -->
<testsuite hostname="BLACKPANTHER" failures="0" tests="1" name="CucumberOptions.TestRunner" time="13.068" errors="0" timestamp="2025-04-03T16:35:27 IST" skipped="0">
  <testcase classname="CucumberOptions.TestRunner" name="runScenario" time="13.068"/>
</testsuite> <!-- CucumberOptions.TestRunner -->
