<?xml version="1.0" encoding="UTF-8"?>
<!-- Generated by org.testng.reporters.JUnitReportReporter -->
<testsuite hostname="BLACKPANTHER" failures="0" tests="3" name="CucumberOptions.TestRunner" time="83.394" errors="0" timestamp="09 Apr 2025 09:52:30 GMT" skipped="0">
  <testcase classname="CucumberOptions.TestRunner" name="runScenario" time="30.367"/>
  <testcase classname="CucumberOptions.TestRunner" name="runScenario" time="26.055"/>
  <testcase classname="CucumberOptions.TestRunner" name="runScenario" time="26.972"/>
</testsuite> <!-- CucumberOptions.TestRunner -->
